<?xml version="1.0" encoding="UTF-8"?>
<!-- Generated by org.testng.reporters.JUnitReportReporter -->
<testsuite hostname="LAPTOP-869F5CUM" failures="0" tests="2" name="LoginTest" time="54.734" errors="0" timestamp="2025-08-06T21:39:23 IST" skipped="0">
  <testcase classname="LoginTest" name="logintest" time="24.923"/>
  <testcase classname="LoginTest" name="logintest" time="29.811"/>
</testsuite> <!-- LoginTest -->
