<?xml version="1.0" encoding="UTF-8"?>
<!-- Generated by org.testng.reporters.JUnitReportReporter -->
<testsuite hostname="LAPTOP-869F5CUM" failures="0" tests="2" name="CartTest" time="47.469" errors="0" timestamp="2025-08-06T21:32:09 IST" skipped="0">
  <testcase classname="CartTest" name="CartTest1" time="25.693"/>
  <testcase classname="CartTest" name="CartTest1" time="21.776"/>
</testsuite> <!-- CartTest -->
